2021-05-26 21:58:29,335  INFO [main] OrangeDriver:74 - AppTestData:{HomePage=Dashboard, LoginPage_Title=OrangeHRM Demo, Password=admin123, TestCaseId=TC001_Orange_CRM_LoginWithvalidCredentials, Username=admin, Validation_Popup=}
 2021-05-26 21:58:29,351  INFO [main] OrangeDriver:66 - SCENARIO STARTED ####TC001_Orange_CRM_LoginWithvalidCredentials
 2021-05-26 21:58:40,279  INFO [main] ExcelHandler:24 - Get locator for Login_Page_Text in ./ORANGE_CRM/Orange/DriverFile/UIMAP.xlsx
 2021-05-26 21:58:40,311  INFO [main] WiniumHandler:149 - Searching web locator in sheet ./ORANGE_CRM/Orange/DriverFile/UIMAP.xlsx//WebLocator
 2021-05-26 21:58:40,311  INFO [main] WiniumHandler:150 - Get webelement xpath locator for //h3[contains(text(),'OrangeHRM Demo')]
 2021-05-26 21:58:40,589  INFO [main] ExcelHandler:24 - Get locator for Username_Element in ./ORANGE_CRM/Orange/DriverFile/UIMAP.xlsx
 2021-05-26 21:58:40,606  INFO [main] WiniumHandler:149 - Searching web locator in sheet ./ORANGE_CRM/Orange/DriverFile/UIMAP.xlsx//WebLocator
 2021-05-26 21:58:40,606  INFO [main] WiniumHandler:150 - Get webelement id locator for txtUsername
 2021-05-26 21:58:41,201  INFO [main] ExcelHandler:24 - Get locator for Password_Element in ./ORANGE_CRM/Orange/DriverFile/UIMAP.xlsx
 2021-05-26 21:58:41,229  INFO [main] WiniumHandler:149 - Searching web locator in sheet ./ORANGE_CRM/Orange/DriverFile/UIMAP.xlsx//WebLocator
 2021-05-26 21:58:41,229  INFO [main] WiniumHandler:150 - Get webelement id locator for txtPassword
 2021-05-26 21:58:41,616  INFO [main] ExcelHandler:24 - Get locator for Login in ./ORANGE_CRM/Orange/DriverFile/UIMAP.xlsx
 2021-05-26 21:58:41,651  INFO [main] WiniumHandler:149 - Searching web locator in sheet ./ORANGE_CRM/Orange/DriverFile/UIMAP.xlsx//WebLocator
 2021-05-26 21:58:41,651  INFO [main] WiniumHandler:150 - Get webelement id locator for btnLogin
 2021-05-26 21:58:45,990  INFO [main] ExcelHandler:24 - Get locator for HomePage_Text in ./ORANGE_CRM/Orange/DriverFile/UIMAP.xlsx
 2021-05-26 21:58:46,014  INFO [main] WiniumHandler:149 - Searching web locator in sheet ./ORANGE_CRM/Orange/DriverFile/UIMAP.xlsx//WebLocator
 2021-05-26 21:58:46,015  INFO [main] WiniumHandler:150 - Get webelement xpath locator for //li[contains(text(),'Dashboard')]
 2021-05-26 21:58:47,048  INFO [main] OrangeDriver:62 - SCENARIO SKIPPED ####TC002_Orange_CRM_LoginWithInvalidCredentials
 2021-05-26 21:58:47,064  INFO [main] OrangeDriver:62 - SCENARIO SKIPPED ####TC003_Orange_CRM_LoginAsDifferentUser
 2021-05-26 21:58:47,111 DEBUG [main] cache:45 - Couldn't find template in cache for "v3html/v3-html-index.ftl"("en", UTF-8, parsed); will try to load it.
 2021-05-26 21:58:47,111 DEBUG [main] cache:45 - TemplateLoader.findTemplateSource("v3html/v3-html-index_en.ftl"): Not found
 2021-05-26 21:58:47,111 DEBUG [main] cache:45 - TemplateLoader.findTemplateSource("v3html/v3-html-index.ftl"): Found
 2021-05-26 21:58:47,111 DEBUG [main] cache:45 - Loading template for "v3html/v3-html-index.ftl"("en", UTF-8, parsed) from "jar:file:/C:/Users/Sachin%20Patil/.m2/repository/com/aventstack/extentreports/4.0.6/extentreports-4.0.6.jar!/com/aventstack/extentreports/view/v3html/v3-html-index.ftl"
 2021-05-26 21:58:47,282 DEBUG [main] cache:45 - Couldn't find template in cache for "v3html/v3-html-head.ftl"("en", UTF-8, parsed); will try to load it.
 2021-05-26 21:58:47,282 DEBUG [main] cache:45 - TemplateLoader.findTemplateSource("v3html/v3-html-head_en.ftl"): Not found
 2021-05-26 21:58:47,282 DEBUG [main] cache:45 - TemplateLoader.findTemplateSource("v3html/v3-html-head.ftl"): Found
 2021-05-26 21:58:47,282 DEBUG [main] cache:45 - Loading template for "v3html/v3-html-head.ftl"("en", UTF-8, parsed) from "jar:file:/C:/Users/Sachin%20Patil/.m2/repository/com/aventstack/extentreports/4.0.6/extentreports-4.0.6.jar!/com/aventstack/extentreports/view/v3html/v3-html-head.ftl"
 2021-05-26 21:58:47,282 DEBUG [main] cache:45 - Couldn't find template in cache for "v3html/v3-html-nav.ftl"("en", UTF-8, parsed); will try to load it.
 2021-05-26 21:58:47,282 DEBUG [main] cache:45 - TemplateLoader.findTemplateSource("v3html/v3-html-nav_en.ftl"): Not found
 2021-05-26 21:58:47,282 DEBUG [main] cache:45 - TemplateLoader.findTemplateSource("v3html/v3-html-nav.ftl"): Found
 2021-05-26 21:58:47,282 DEBUG [main] cache:45 - Loading template for "v3html/v3-html-nav.ftl"("en", UTF-8, parsed) from "jar:file:/C:/Users/Sachin%20Patil/.m2/repository/com/aventstack/extentreports/4.0.6/extentreports-4.0.6.jar!/com/aventstack/extentreports/view/v3html/v3-html-nav.ftl"
 2021-05-26 21:58:47,298 DEBUG [main] cache:45 - Couldn't find template in cache for "v3html/test-view/v3-html-test-view.ftl"("en", UTF-8, parsed); will try to load it.
 2021-05-26 21:58:47,298 DEBUG [main] cache:45 - TemplateLoader.findTemplateSource("v3html/test-view/v3-html-test-view_en.ftl"): Not found
 2021-05-26 21:58:47,298 DEBUG [main] cache:45 - TemplateLoader.findTemplateSource("v3html/test-view/v3-html-test-view.ftl"): Found
 2021-05-26 21:58:47,298 DEBUG [main] cache:45 - Loading template for "v3html/test-view/v3-html-test-view.ftl"("en", UTF-8, parsed) from "jar:file:/C:/Users/Sachin%20Patil/.m2/repository/com/aventstack/extentreports/4.0.6/extentreports-4.0.6.jar!/com/aventstack/extentreports/view/v3html/test-view/v3-html-test-view.ftl"
 2021-05-26 21:58:47,315 DEBUG [main] cache:45 - Couldn't find template in cache for "v3html/test-view/v3-html-test-view-charts.ftl"("en", UTF-8, parsed); will try to load it.
 2021-05-26 21:58:47,315 DEBUG [main] cache:45 - TemplateLoader.findTemplateSource("v3html/test-view/v3-html-test-view-charts_en.ftl"): Not found
 2021-05-26 21:58:47,315 DEBUG [main] cache:45 - TemplateLoader.findTemplateSource("v3html/test-view/v3-html-test-view-charts.ftl"): Found
 2021-05-26 21:58:47,315 DEBUG [main] cache:45 - Loading template for "v3html/test-view/v3-html-test-view-charts.ftl"("en", UTF-8, parsed) from "jar:file:/C:/Users/Sachin%20Patil/.m2/repository/com/aventstack/extentreports/4.0.6/extentreports-4.0.6.jar!/com/aventstack/extentreports/view/v3html/test-view/v3-html-test-view-charts.ftl"
 2021-05-26 21:58:47,315 DEBUG [main] cache:45 - Couldn't find template in cache for "v3html/test-view/v3-html-bdd.ftl"("en", UTF-8, parsed); will try to load it.
 2021-05-26 21:58:47,315 DEBUG [main] cache:45 - TemplateLoader.findTemplateSource("v3html/test-view/v3-html-bdd_en.ftl"): Not found
 2021-05-26 21:58:47,315 DEBUG [main] cache:45 - TemplateLoader.findTemplateSource("v3html/test-view/v3-html-bdd.ftl"): Found
 2021-05-26 21:58:47,315 DEBUG [main] cache:45 - Loading template for "v3html/test-view/v3-html-bdd.ftl"("en", UTF-8, parsed) from "jar:file:/C:/Users/Sachin%20Patil/.m2/repository/com/aventstack/extentreports/4.0.6/extentreports-4.0.6.jar!/com/aventstack/extentreports/view/v3html/test-view/v3-html-bdd.ftl"
 2021-05-26 21:58:47,331 DEBUG [main] cache:45 - Couldn't find template in cache for "v3html/category-view/v3-html-category-view.ftl"("en", UTF-8, parsed); will try to load it.
 2021-05-26 21:58:47,331 DEBUG [main] cache:45 - TemplateLoader.findTemplateSource("v3html/category-view/v3-html-category-view_en.ftl"): Not found
 2021-05-26 21:58:47,331 DEBUG [main] cache:45 - TemplateLoader.findTemplateSource("v3html/category-view/v3-html-category-view.ftl"): Found
 2021-05-26 21:58:47,331 DEBUG [main] cache:45 - Loading template for "v3html/category-view/v3-html-category-view.ftl"("en", UTF-8, parsed) from "jar:file:/C:/Users/Sachin%20Patil/.m2/repository/com/aventstack/extentreports/4.0.6/extentreports-4.0.6.jar!/com/aventstack/extentreports/view/v3html/category-view/v3-html-category-view.ftl"
 2021-05-26 21:58:47,346 DEBUG [main] cache:45 - Couldn't find template in cache for "v3html/exception-view/v3-html-exception-view.ftl"("en", UTF-8, parsed); will try to load it.
 2021-05-26 21:58:47,346 DEBUG [main] cache:45 - TemplateLoader.findTemplateSource("v3html/exception-view/v3-html-exception-view_en.ftl"): Not found
 2021-05-26 21:58:47,349 DEBUG [main] cache:45 - TemplateLoader.findTemplateSource("v3html/exception-view/v3-html-exception-view.ftl"): Found
 2021-05-26 21:58:47,349 DEBUG [main] cache:45 - Loading template for "v3html/exception-view/v3-html-exception-view.ftl"("en", UTF-8, parsed) from "jar:file:/C:/Users/Sachin%20Patil/.m2/repository/com/aventstack/extentreports/4.0.6/extentreports-4.0.6.jar!/com/aventstack/extentreports/view/v3html/exception-view/v3-html-exception-view.ftl"
 2021-05-26 21:58:47,351 DEBUG [main] cache:45 - Couldn't find template in cache for "v3html/author-view/v3-html-author-view.ftl"("en", UTF-8, parsed); will try to load it.
 2021-05-26 21:58:47,351 DEBUG [main] cache:45 - TemplateLoader.findTemplateSource("v3html/author-view/v3-html-author-view_en.ftl"): Not found
 2021-05-26 21:58:47,351 DEBUG [main] cache:45 - TemplateLoader.findTemplateSource("v3html/author-view/v3-html-author-view.ftl"): Found
 2021-05-26 21:58:47,351 DEBUG [main] cache:45 - Loading template for "v3html/author-view/v3-html-author-view.ftl"("en", UTF-8, parsed) from "jar:file:/C:/Users/Sachin%20Patil/.m2/repository/com/aventstack/extentreports/4.0.6/extentreports-4.0.6.jar!/com/aventstack/extentreports/view/v3html/author-view/v3-html-author-view.ftl"
 2021-05-26 21:58:47,351 DEBUG [main] cache:45 - Couldn't find template in cache for "v3html/dashboard-view/v3-html-dashboard-view.ftl"("en", UTF-8, parsed); will try to load it.
 2021-05-26 21:58:47,351 DEBUG [main] cache:45 - TemplateLoader.findTemplateSource("v3html/dashboard-view/v3-html-dashboard-view_en.ftl"): Not found
 2021-05-26 21:58:47,351 DEBUG [main] cache:45 - TemplateLoader.findTemplateSource("v3html/dashboard-view/v3-html-dashboard-view.ftl"): Found
 2021-05-26 21:58:47,351 DEBUG [main] cache:45 - Loading template for "v3html/dashboard-view/v3-html-dashboard-view.ftl"("en", UTF-8, parsed) from "jar:file:/C:/Users/Sachin%20Patil/.m2/repository/com/aventstack/extentreports/4.0.6/extentreports-4.0.6.jar!/com/aventstack/extentreports/view/v3html/dashboard-view/v3-html-dashboard-view.ftl"
 2021-05-26 21:58:47,351 DEBUG [main] cache:45 - Couldn't find template in cache for "v3html/logs-view/v3-html-testrunner-logs-view.ftl"("en", UTF-8, parsed); will try to load it.
 2021-05-26 21:58:47,351 DEBUG [main] cache:45 - TemplateLoader.findTemplateSource("v3html/logs-view/v3-html-testrunner-logs-view_en.ftl"): Not found
 2021-05-26 21:58:47,351 DEBUG [main] cache:45 - TemplateLoader.findTemplateSource("v3html/logs-view/v3-html-testrunner-logs-view.ftl"): Found
 2021-05-26 21:58:47,351 DEBUG [main] cache:45 - Loading template for "v3html/logs-view/v3-html-testrunner-logs-view.ftl"("en", UTF-8, parsed) from "jar:file:/C:/Users/Sachin%20Patil/.m2/repository/com/aventstack/extentreports/4.0.6/extentreports-4.0.6.jar!/com/aventstack/extentreports/view/v3html/logs-view/v3-html-testrunner-logs-view.ftl"
 2021-05-26 22:02:24,828  INFO [main] OrangeDriver:74 - AppTestData:{HomePage=Dashboard, LoginPage_Title=OrangeHRM Demo, Password=admin123, TestCaseId=TC001_Orange_CRM_LoginWithvalidCredentials, Username=admin, Validation_Popup=}
 2021-05-26 22:02:24,828  INFO [main] OrangeDriver:66 - SCENARIO STARTED ####TC001_Orange_CRM_LoginWithvalidCredentials
 2021-05-26 22:02:36,164  INFO [main] ExcelHandler:24 - Get locator for Login_Page_Text in ./ORANGE_CRM/Orange/DriverFile/UIMAP.xlsx
 2021-05-26 22:02:36,195  INFO [main] WiniumHandler:149 - Searching web locator in sheet ./ORANGE_CRM/Orange/DriverFile/UIMAP.xlsx//WebLocator
 2021-05-26 22:02:36,196  INFO [main] WiniumHandler:150 - Get webelement xpath locator for //h3[contains(text(),'OrangeHRM Demo')]
 2021-05-26 22:02:36,450  INFO [main] ExcelHandler:24 - Get locator for Username_Element in ./ORANGE_CRM/Orange/DriverFile/UIMAP.xlsx
 2021-05-26 22:02:36,476  INFO [main] WiniumHandler:149 - Searching web locator in sheet ./ORANGE_CRM/Orange/DriverFile/UIMAP.xlsx//WebLocator
 2021-05-26 22:02:36,476  INFO [main] WiniumHandler:150 - Get webelement id locator for txtUsername
 2021-05-26 22:02:36,927  INFO [main] ExcelHandler:24 - Get locator for Password_Element in ./ORANGE_CRM/Orange/DriverFile/UIMAP.xlsx
 2021-05-26 22:02:36,950  INFO [main] WiniumHandler:149 - Searching web locator in sheet ./ORANGE_CRM/Orange/DriverFile/UIMAP.xlsx//WebLocator
 2021-05-26 22:02:36,951  INFO [main] WiniumHandler:150 - Get webelement id locator for txtPassword
 2021-05-26 22:02:37,369  INFO [main] ExcelHandler:24 - Get locator for Login in ./ORANGE_CRM/Orange/DriverFile/UIMAP.xlsx
 2021-05-26 22:02:37,398  INFO [main] WiniumHandler:149 - Searching web locator in sheet ./ORANGE_CRM/Orange/DriverFile/UIMAP.xlsx//WebLocator
 2021-05-26 22:02:37,398  INFO [main] WiniumHandler:150 - Get webelement id locator for btnLogin
 2021-05-26 22:02:42,265  INFO [main] ExcelHandler:24 - Get locator for HomePage_Text in ./ORANGE_CRM/Orange/DriverFile/UIMAP.xlsx
 2021-05-26 22:02:42,290  INFO [main] WiniumHandler:149 - Searching web locator in sheet ./ORANGE_CRM/Orange/DriverFile/UIMAP.xlsx//WebLocator
 2021-05-26 22:02:42,291  INFO [main] WiniumHandler:150 - Get webelement xpath locator for //li[contains(text(),'Dashboard')]
 2021-05-26 22:02:43,369  INFO [main] OrangeDriver:62 - SCENARIO SKIPPED ####TC002_Orange_CRM_LoginWithInvalidCredentials
 2021-05-26 22:02:43,400  INFO [main] OrangeDriver:62 - SCENARIO SKIPPED ####TC003_Orange_CRM_LoginAsDifferentUser
 2021-05-26 22:07:35,847  INFO [main] OrangeDriver:74 - AppTestData:{HomePage=Dashboard, LoginPage_Title=OrangeHRM Demo, Password=admin123, TestCaseId=TC001_Orange_CRM_LoginWithvalidCredentials, Username=admin, Validation_Popup=}
 2021-05-26 22:07:35,847  INFO [main] OrangeDriver:66 - SCENARIO STARTED ####TC001_Orange_CRM_LoginWithvalidCredentials
 2021-05-26 22:07:47,338  INFO [main] OrangeDriver:163 - Verify user is on Login Page
 2021-05-26 22:07:47,464  INFO [main] ExcelHandler:24 - Get locator for Login_Page_Text in ./ORANGE_CRM/Orange/DriverFile/UIMAP.xlsx
 2021-05-26 22:07:47,510  INFO [main] WiniumHandler:149 - Searching web locator in sheet ./ORANGE_CRM/Orange/DriverFile/UIMAP.xlsx//WebLocator
 2021-05-26 22:07:47,510  INFO [main] WiniumHandler:150 - Get webelement xpath locator for //h3[contains(text(),'OrangeHRM Demo')]
 2021-05-26 22:07:47,589  INFO [main] OrangeDriver:130 - Clear the Username from CRM login page which is already there in field and Enter new one
 2021-05-26 22:07:47,730  INFO [main] ExcelHandler:24 - Get locator for Username_Element in ./ORANGE_CRM/Orange/DriverFile/UIMAP.xlsx
 2021-05-26 22:07:47,761  INFO [main] WiniumHandler:149 - Searching web locator in sheet ./ORANGE_CRM/Orange/DriverFile/UIMAP.xlsx//WebLocator
 2021-05-26 22:07:47,761  INFO [main] WiniumHandler:150 - Get webelement id locator for txtUsername
 2021-05-26 22:07:47,899  INFO [main] OrangeDriver:130 - Clear the Password from CRM login page which is already there in field and Enter new one
 2021-05-26 22:07:48,364  INFO [main] ExcelHandler:24 - Get locator for Password_Element in ./ORANGE_CRM/Orange/DriverFile/UIMAP.xlsx
 2021-05-26 22:07:48,389  INFO [main] WiniumHandler:149 - Searching web locator in sheet ./ORANGE_CRM/Orange/DriverFile/UIMAP.xlsx//WebLocator
 2021-05-26 22:07:48,390  INFO [main] WiniumHandler:150 - Get webelement id locator for txtPassword
 2021-05-26 22:07:48,532  INFO [main] OrangeDriver:146 - Click on Login Button
 2021-05-26 22:07:48,826  INFO [main] ExcelHandler:24 - Get locator for Login in ./ORANGE_CRM/Orange/DriverFile/UIMAP.xlsx
 2021-05-26 22:07:48,872  INFO [main] WiniumHandler:149 - Searching web locator in sheet ./ORANGE_CRM/Orange/DriverFile/UIMAP.xlsx//WebLocator
 2021-05-26 22:07:48,872  INFO [main] WiniumHandler:150 - Get webelement id locator for btnLogin
 2021-05-26 22:07:52,095  INFO [main] OrangeDriver:163 - Verify the user is landed on Home Page after succefully login
 2021-05-26 22:07:52,307  INFO [main] ExcelHandler:24 - Get locator for HomePage_Text in ./ORANGE_CRM/Orange/DriverFile/UIMAP.xlsx
 2021-05-26 22:07:52,327  INFO [main] WiniumHandler:149 - Searching web locator in sheet ./ORANGE_CRM/Orange/DriverFile/UIMAP.xlsx//WebLocator
 2021-05-26 22:07:52,328  INFO [main] WiniumHandler:150 - Get webelement xpath locator for //li[contains(text(),'Dashboard')]
 2021-05-26 22:07:53,226  INFO [main] OrangeDriver:113 - Close the Orange CRM web application
 2021-05-26 22:07:53,308  INFO [main] OrangeDriver:62 - SCENARIO SKIPPED ####TC002_Orange_CRM_LoginWithInvalidCredentials
 2021-05-26 22:07:53,333  INFO [main] OrangeDriver:62 - SCENARIO SKIPPED ####TC003_Orange_CRM_LoginAsDifferentUser
 2021-05-26 22:09:05,431  INFO [main] OrangeDriver:74 - AppTestData:{HomePage=Dashboard, LoginPage_Title=OrangeHRM Demo, Password=admin123, TestCaseId=TC001_Orange_CRM_LoginWithvalidCredentials, Username=admin, Validation_Popup=}
 2021-05-26 22:09:05,431  INFO [main] OrangeDriver:66 - SCENARIO STARTED ####TC001_Orange_CRM_LoginWithvalidCredentials
 2021-05-26 22:09:16,018  INFO [main] OrangeDriver:163 - Verify user is on Login Page
 2021-05-26 22:09:16,197  INFO [main] ExcelHandler:24 - Get locator for Login_Page_Text in ./ORANGE_CRM/Orange/DriverFile/UIMAP.xlsx
 2021-05-26 22:09:16,229  INFO [main] WiniumHandler:149 - Searching web locator in sheet ./ORANGE_CRM/Orange/DriverFile/UIMAP.xlsx//WebLocator
 2021-05-26 22:09:16,229  INFO [main] WiniumHandler:150 - Get webelement xpath locator for //h3[contains(text(),'OrangeHRM Demo')]
 2021-05-26 22:09:16,354  INFO [main] OrangeDriver:130 - Clear the Username from CRM login page which is already there in field and Enter new one
 2021-05-26 22:09:16,499  INFO [main] ExcelHandler:24 - Get locator for Username_Element in ./ORANGE_CRM/Orange/DriverFile/UIMAP.xlsx
 2021-05-26 22:09:16,515  INFO [main] WiniumHandler:149 - Searching web locator in sheet ./ORANGE_CRM/Orange/DriverFile/UIMAP.xlsx//WebLocator
 2021-05-26 22:09:16,515  INFO [main] WiniumHandler:150 - Get webelement id locator for txtUsername
 2021-05-26 22:09:16,651  INFO [main] OrangeDriver:130 - Clear the Password from CRM login page which is already there in field and Enter new one
 2021-05-26 22:09:17,001  INFO [main] ExcelHandler:24 - Get locator for Password_Element in ./ORANGE_CRM/Orange/DriverFile/UIMAP.xlsx
 2021-05-26 22:09:17,017  INFO [main] WiniumHandler:149 - Searching web locator in sheet ./ORANGE_CRM/Orange/DriverFile/UIMAP.xlsx//WebLocator
 2021-05-26 22:09:17,017  INFO [main] WiniumHandler:150 - Get webelement id locator for txtPassword
 2021-05-26 22:09:17,146  INFO [main] OrangeDriver:146 - Click on Login Button
 2021-05-26 22:09:17,400  INFO [main] ExcelHandler:24 - Get locator for Login in ./ORANGE_CRM/Orange/DriverFile/UIMAP.xlsx
 2021-05-26 22:09:17,431  INFO [main] WiniumHandler:149 - Searching web locator in sheet ./ORANGE_CRM/Orange/DriverFile/UIMAP.xlsx//WebLocator
 2021-05-26 22:09:17,447  INFO [main] WiniumHandler:150 - Get webelement id locator for btnLogin
 2021-05-26 22:09:20,963  INFO [main] OrangeDriver:163 - Verify the user is landed on Home Page after succefully login
 2021-05-26 22:09:21,173  INFO [main] ExcelHandler:24 - Get locator for HomePage_Text in ./ORANGE_CRM/Orange/DriverFile/UIMAP.xlsx
 2021-05-26 22:09:21,193  INFO [main] WiniumHandler:149 - Searching web locator in sheet ./ORANGE_CRM/Orange/DriverFile/UIMAP.xlsx//WebLocator
 2021-05-26 22:09:21,193  INFO [main] WiniumHandler:150 - Get webelement xpath locator for //li[contains(text(),'Dashboard')]
 2021-05-26 22:09:22,071  INFO [main] OrangeDriver:113 - Close the Orange CRM web application
 2021-05-26 22:09:22,119  INFO [main] OrangeDriver:62 - SCENARIO SKIPPED ####TC002_Orange_CRM_LoginWithInvalidCredentials
 2021-05-26 22:09:22,135  INFO [main] OrangeDriver:62 - SCENARIO SKIPPED ####TC003_Orange_CRM_LoginAsDifferentUser
 2021-05-26 22:12:40,729  INFO [main] OrangeDriver:74 - AppTestData:{HomePage=Dashboard, LoginPage_Title=OrangeHRM Demo, Password=admin123, TestCaseId=TC001_Orange_CRM_LoginWithvalidCredentials, Username=admin, Validation_Popup=}
 2021-05-26 22:12:40,731  INFO [main] OrangeDriver:66 - SCENARIO STARTED ####TC001_Orange_CRM_LoginWithvalidCredentials
 2021-05-26 22:12:51,769  INFO [main] OrangeDriver:163 - Verify user is on Login Page
 2021-05-26 22:12:51,911  INFO [main] ExcelHandler:24 - Get locator for Login_Page_Text in ./ORANGE_CRM/Orange/DriverFile/UIMAP.xlsx
 2021-05-26 22:12:51,950  INFO [main] WiniumHandler:149 - Searching web locator in sheet ./ORANGE_CRM/Orange/DriverFile/UIMAP.xlsx//WebLocator
 2021-05-26 22:12:51,950  INFO [main] WiniumHandler:150 - Get webelement xpath locator for //h3[contains(text(),'OrangeHRM Demo')]
 2021-05-26 22:12:52,059  INFO [main] OrangeDriver:130 - Clear the Username from CRM login page which is already there in field and Enter new one
 2021-05-26 22:12:52,207  INFO [main] ExcelHandler:24 - Get locator for Username_Element in ./ORANGE_CRM/Orange/DriverFile/UIMAP.xlsx
 2021-05-26 22:12:52,231  INFO [main] WiniumHandler:149 - Searching web locator in sheet ./ORANGE_CRM/Orange/DriverFile/UIMAP.xlsx//WebLocator
 2021-05-26 22:12:52,232  INFO [main] WiniumHandler:150 - Get webelement id locator for txtUsername
 2021-05-26 22:12:52,386  INFO [main] OrangeDriver:130 - Clear the Password from CRM login page which is already there in field and Enter new one
 2021-05-26 22:12:52,833  INFO [main] ExcelHandler:24 - Get locator for Password_Element in ./ORANGE_CRM/Orange/DriverFile/UIMAP.xlsx
 2021-05-26 22:12:52,860  INFO [main] WiniumHandler:149 - Searching web locator in sheet ./ORANGE_CRM/Orange/DriverFile/UIMAP.xlsx//WebLocator
 2021-05-26 22:12:52,860  INFO [main] WiniumHandler:150 - Get webelement id locator for txtPassword
 2021-05-26 22:12:52,962  INFO [main] OrangeDriver:146 - Click on Login Button
 2021-05-26 22:12:53,304  INFO [main] ExcelHandler:24 - Get locator for Login in ./ORANGE_CRM/Orange/DriverFile/UIMAP.xlsx
 2021-05-26 22:12:53,326  INFO [main] WiniumHandler:149 - Searching web locator in sheet ./ORANGE_CRM/Orange/DriverFile/UIMAP.xlsx//WebLocator
 2021-05-26 22:12:53,326  INFO [main] WiniumHandler:150 - Get webelement id locator for btnLogin
 2021-05-26 22:12:56,800  INFO [main] OrangeDriver:163 - Verify the user is landed on Home Page after succefully login
 2021-05-26 22:12:56,969  INFO [main] ExcelHandler:24 - Get locator for HomePage_Text in ./ORANGE_CRM/Orange/DriverFile/UIMAP.xlsx
 2021-05-26 22:12:56,990  INFO [main] WiniumHandler:149 - Searching web locator in sheet ./ORANGE_CRM/Orange/DriverFile/UIMAP.xlsx//WebLocator
 2021-05-26 22:12:56,991  INFO [main] WiniumHandler:150 - Get webelement xpath locator for //li[contains(text(),'Dashboard')]
 2021-05-26 22:12:57,889  INFO [main] OrangeDriver:113 - Close the Orange CRM web application
 2021-05-26 22:12:57,928  INFO [main] OrangeDriver:62 - SCENARIO SKIPPED ####TC002_Orange_CRM_LoginWithInvalidCredentials
 2021-05-26 22:12:57,948  INFO [main] OrangeDriver:62 - SCENARIO SKIPPED ####TC003_Orange_CRM_LoginAsDifferentUser
 